<?xml version="1.0" encoding="UTF-8"?>
<testng-results ignored="1" total="5" passed="4" failed="0" skipped="0">
  <reporter-output>
  </reporter-output>
  <suite started-at="2022-03-09T13:01:16 EST" name="Suite" finished-at="2022-03-09T13:01:16 EST" duration-ms="46">
    <groups>
    </groups>
    <test started-at="2022-03-09T13:01:16 EST" name="Test" finished-at="2022-03-09T13:01:16 EST" duration-ms="46">
      <class name="test.NewTestNG">
        <test-method signature="fithname()[pri:0, instance:test.NewTestNG@4df50bcc]" started-at="2022-03-09T13:01:16 EST" name="fithname" finished-at="2022-03-09T13:01:16 EST" duration-ms="12" status="PASS">
          <reporter-output>
          </reporter-output>
        </test-method> <!-- fithname -->
        <test-method signature="forthname()[pri:1, instance:test.NewTestNG@4df50bcc]" started-at="2022-03-09T13:01:16 EST" name="forthname" finished-at="2022-03-09T13:01:16 EST" duration-ms="0" status="PASS">
          <reporter-output>
          </reporter-output>
        </test-method> <!-- forthname -->
        <test-method signature="firstname()[pri:3, instance:test.NewTestNG@4df50bcc]" started-at="2022-03-09T13:01:16 EST" name="firstname" finished-at="2022-03-09T13:01:16 EST" duration-ms="1" status="PASS">
          <reporter-output>
          </reporter-output>
        </test-method> <!-- firstname -->
        <test-method signature="secondname()[pri:4, instance:test.NewTestNG@4df50bcc]" started-at="2022-03-09T13:01:16 EST" name="secondname" finished-at="2022-03-09T13:01:16 EST" duration-ms="1" status="PASS">
          <reporter-output>
          </reporter-output>
        </test-method> <!-- secondname -->
      </class> <!-- test.NewTestNG -->
    </test> <!-- Test -->
  </suite> <!-- Suite -->
</testng-results>
