<?xml version="1.0" encoding="UTF-8"?>
<!-- Generated by org.testng.reporters.JUnitXMLReporter -->
<testsuite ignored="1" hostname="HB11536" failures="0" tests="4" name="Default test" time="0.046" errors="0" timestamp="2022-03-09T12:59:48 EST">
  <testcase classname="NewTestNG" name="fithname" time="0.012"/>
  <testcase classname="NewTestNG" name="forthname" time="0.0"/>
  <testcase classname="NewTestNG" name="firstname" time="0.001"/>
  <testcase classname="NewTestNG" name="secondname" time="0.0"/>
  <testcase classname="NewTestNG" name="thirdname" time="0.0">
    <ignored/>
  </testcase> <!-- thirdname -->
</testsuite> <!-- Default test -->
