<?xml version="1.0" encoding="UTF-8"?>
<!-- Generated by org.testng.reporters.JUnitXMLReporter -->
<testsuite ignored="1" hostname="HB11536" failures="0" tests="2" name="Test3" time="0.003" errors="0" timestamp="2022-03-16T11:14:57 EDT">
  <testcase classname="test.Exclude" name="logoutlogin" time="0.001"/>
  <testcase classname="test.Exclude" name="signlogin" time="0.0"/>
  <testcase classname="test.Exclude" name="singuplogin" time="0.0">
    <ignored/>
  </testcase> <!-- singuplogin -->
</testsuite> <!-- Test3 -->
