<?xml version="1.0" encoding="UTF-8"?>
<!-- Generated by org.testng.reporters.JUnitXMLReporter -->
<testsuite ignored="1" hostname="HB11536" failures="0" tests="2" name="Test4" time="0.004" errors="0" timestamp="2022-03-16T11:14:57 EDT">
  <testcase classname="test.Groups" name="Logout1" time="0.0"/>
  <testcase classname="test.Groups" name="logout3" time="0.001"/>
  <testcase classname="test.Groups" name="logout2" time="0.0">
    <ignored/>
  </testcase> <!-- logout2 -->
</testsuite> <!-- Test4 -->
