<?xml version="1.0" encoding="UTF-8"?>
<!-- Generated by org.testng.reporters.JUnitXMLReporter -->
<testsuite ignored="1" hostname="HB11536" failures="0" tests="8" name="Test" time="0.041" errors="0" timestamp="2022-03-09T13:25:10 EST">
  <testcase classname="test.NewTestNG" name="fithname" time="0.004"/>
  <testcase classname="test.NewTestNG" name="forthname" time="0.001"/>
  <testcase classname="test.NewTestNG" name="firstname" time="0.001"/>
  <testcase classname="test.NewTestNG" name="secondname" time="0.0"/>
  <testcase classname="test.Test2" name="login" time="0.0"/>
  <testcase classname="test.Test2" name="logoutlogin" time="0.001"/>
  <testcase classname="test.Test2" name="signlogin" time="0.001"/>
  <testcase classname="test.Test2" name="singuplogin" time="0.001"/>
  <testcase classname="test.NewTestNG" name="thirdname" time="0.0">
    <ignored/>
  </testcase> <!-- thirdname -->
</testsuite> <!-- Test -->
