<?xml version="1.0" encoding="UTF-8"?>
<!-- Generated by org.testng.reporters.JUnitXMLReporter -->
<testsuite ignored="1" hostname="HB11536" failures="0" tests="2" name="Test1" time="0.004" errors="0" timestamp="2022-03-16T11:14:57 EDT">
  <testcase classname="test.Inculde" name="login1" time="0.001"/>
  <testcase classname="test.Inculde" name="login2" time="0.001"/>
  <testcase classname="test.Inculde" name="singlogin3" time="0.0">
    <ignored/>
  </testcase> <!-- singlogin3 -->
</testsuite> <!-- Test1 -->
